<?xml version="1.0" encoding="UTF-8"?>
<!-- Generated by org.testng.reporters.JUnitReportReporter -->
<testsuite hostname="Mukuls-MacBook-Air.local" failures="0" tests="1" name="ecom.apk.Test2" time="0.015" errors="0" timestamp="3 Feb 2024 18:35:47 GMT">
  <testcase classname="ecom.apk.Test2" name="testing" time="0.015"/>
</testsuite> <!-- ecom.apk.Test2 -->
