<?xml version="1.0" encoding="UTF-8"?>
<!-- Generated by org.testng.reporters.JUnitReportReporter -->
<testsuite hostname="Mukuls-MacBook-Air.local" failures="0" tests="2" name="ecom.apk.Test1" time="81.717" errors="0" timestamp="31 Jan 2024 13:53:54 GMT">
  <testcase classname="ecom.apk.Test1" name="userDetailsPage" time="69.705"/>
  <testcase classname="ecom.apk.Test1" name="CheckSum" time="12.012"/>
</testsuite> <!-- ecom.apk.Test1 -->
