<?xml version="1.0" encoding="UTF-8"?>
<!-- Generated by org.testng.reporters.JUnitReportReporter -->
<testsuite hostname="Mukuls-MacBook-Air.local" failures="0" tests="1" name="mukul.apk.LongPress_2" time="9.391" errors="0" timestamp="7 Jan 2024 09:52:54 GMT">
  <testcase classname="mukul.apk.LongPress_2" name="LongPress" time="9.391"/>
</testsuite> <!-- mukul.apk.LongPress_2 -->
