<?xml version="1.0" encoding="UTF-8"?>
<!-- Generated by org.testng.reporters.JUnitReportReporter -->
<testsuite hostname="Mukuls-MacBook-Air.local" failures="0" tests="1" name="mukul.apk.Scroll_3" time="22.876" errors="0" timestamp="7 Jan 2024 09:59:31 GMT">
  <testcase classname="mukul.apk.Scroll_3" name="Scroll" time="22.876"/>
</testsuite> <!-- mukul.apk.Scroll_3 -->
