<?xml version="1.0" encoding="UTF-8"?>
<!-- Generated by org.testng.reporters.JUnitReportReporter -->
<testsuite hostname="Mukuls-MacBook-Air.local" failures="0" tests="1" name="mukul.apk.LongPress_2" time="9.251" errors="0" timestamp="6 Jan 2024 08:10:04 GMT">
  <testcase classname="mukul.apk.LongPress_2" name="LongPress" time="9.251"/>
</testsuite> <!-- mukul.apk.LongPress_2 -->
