<?xml version="1.0" encoding="UTF-8"?>
<!-- Generated by org.testng.reporters.JUnitReportReporter -->
<testsuite hostname="Mukuls-MacBook-Air.local" failures="0" tests="1" name="mukul.apk.swipe_4" time="8.266" errors="0" timestamp="7 Jan 2024 10:01:43 GMT">
  <testcase classname="mukul.apk.swipe_4" name="Swipe" time="8.266"/>
</testsuite> <!-- mukul.apk.swipe_4 -->
