<?xml version="1.0" encoding="UTF-8"?>
<!-- Generated by org.testng.reporters.JUnitReportReporter -->
<testsuite hostname="Mukuls-MacBook-Air.local" failures="0" tests="1" name="mukul.apk.AppiumBasics" time="6.647" errors="0" timestamp="6 Jan 2024 07:38:42 GMT">
  <testcase classname="mukul.apk.AppiumBasics" name="WifiChangeNameTest" time="6.647"/>
</testsuite> <!-- mukul.apk.AppiumBasics -->
